<?xml version="1.0" encoding="utf-8"?><testsuites name="pytest tests"><testsuite name="pytest" errors="0" failures="0" skipped="0" tests="31" time="4.984" timestamp="2026-02-22T00:14:25.022570+00:00" hostname="agent-env-d78050bb-64c0-4db5-9cb7-e6f7b121eb16"><testcase classname="backend.tests.test_telegram_intel.TestHealthEndpoints" name="test_api_health" time="0.171" /><testcase classname="backend.tests.test_telegram_intel.TestHealthEndpoints" name="test_telegram_intel_health" time="0.189" /><testcase classname="backend.tests.test_telegram_intel.TestUtilityListAPI" name="test_utility_list_basic" time="0.192" /><testcase classname="backend.tests.test_telegram_intel.TestUtilityListAPI" name="test_utility_list_item_structure" time="0.138" /><testcase classname="backend.tests.test_telegram_intel.TestUtilityListAPI" name="test_utility_list_search_filter" time="0.116" /><testcase classname="backend.tests.test_telegram_intel.TestUtilityListAPI" name="test_utility_list_type_filter" time="0.133" /><testcase classname="backend.tests.test_telegram_intel.TestUtilityListAPI" name="test_utility_list_activity_filter" time="0.124" /><testcase classname="backend.tests.test_telegram_intel.TestUtilityListAPI" name="test_utility_list_members_range_filter" time="0.127" /><testcase classname="backend.tests.test_telegram_intel.TestUtilityListAPI" name="test_utility_list_growth_filter" time="0.155" /><testcase classname="backend.tests.test_telegram_intel.TestUtilityListAPI" name="test_utility_list_red_flags_filter" time="0.102" /><testcase classname="backend.tests.test_telegram_intel.TestUtilityListAPI" name="test_utility_list_sort_by_growth" time="0.126" /><testcase classname="backend.tests.test_telegram_intel.TestUtilityListAPI" name="test_utility_list_sort_by_members" time="0.107" /><testcase classname="backend.tests.test_telegram_intel.TestUtilityListAPI" name="test_utility_list_pagination" time="0.245" /><testcase classname="backend.tests.test_telegram_intel.TestUtilityListAPI" name="test_utility_list_stats" time="0.112" /><testcase classname="backend.tests.test_telegram_intel.TestChannelOverviewAPI" name="test_channel_overview_basic" time="0.155" /><testcase classname="backend.tests.test_telegram_intel.TestChannelOverviewAPI" name="test_channel_overview_profile" time="0.146" /><testcase classname="backend.tests.test_telegram_intel.TestChannelOverviewAPI" name="test_channel_overview_top_cards" time="0.200" /><testcase classname="backend.tests.test_telegram_intel.TestChannelOverviewAPI" name="test_channel_overview_timeline" time="0.113" /><testcase classname="backend.tests.test_telegram_intel.TestChannelOverviewAPI" name="test_channel_overview_metrics" time="0.101" /><testcase classname="backend.tests.test_telegram_intel.TestChannelOverviewAPI" name="test_channel_overview_recent_posts" time="0.116" /><testcase classname="backend.tests.test_telegram_intel.TestChannelOverviewAPI" name="test_channel_overview_related_channels" time="0.112" /><testcase classname="backend.tests.test_telegram_intel.TestMTProtoStatus" name="test_mtproto_status" time="0.132" /><testcase classname="backend.tests.test_telegram_intel.TestAdminEndpoints" name="test_pipeline_status" time="0.120" /><testcase classname="backend.tests.test_telegram_intel.TestAdminEndpoints" name="test_census_summary" time="0.122" /><testcase classname="backend.tests.test_telegram_intel.TestAdminEndpoints" name="test_census_status" time="0.127" /><testcase classname="backend.tests.test_telegram_intel.TestWatchlistAPI" name="test_watchlist_add_and_check" time="0.428" /><testcase classname="backend.tests.test_telegram_intel.TestWatchlistAPI" name="test_watchlist_get_all" time="0.272" /><testcase classname="backend.tests.test_telegram_intel.TestChannelCompare" name="test_compare_channels" time="0.143" /><testcase classname="backend.tests.test_telegram_intel.TestChannelRefresh" name="test_channel_refresh" time="0.174" /><testcase classname="backend.tests.test_telegram_intel.TestLegacyEndpoints" name="test_intel_list" time="0.177" /><testcase classname="backend.tests.test_telegram_intel.TestLegacyEndpoints" name="test_channel_full" time="0.161" /></testsuite></testsuites>